Build started 9/7/2015 11:42:47 PM.
     1>Project "C:\Users\srihars\Documents\Visual Studio 2013\Projects\S_PRIME1\S_PRIME1\S_PRIME1.vcxproj" on node 2 (Build target(s)).
     1>ClCompile:
         C:\Program Files (x86)\Microsoft Visual Studio 12.0\VC\bin\CL.exe /c /ZI /nologo /W3 /WX- /Od /Oy- /D WIN32 /D _DEBUG /D _CONSOLE /D _LIB /D _UNICODE /D UNICODE /Gm /EHsc /RTC1 /MDd /GS /fp:precise /Zc:wchar_t /Zc:forScope /Fo"Debug\\" /Fd"Debug\vc120.pdb" /Gd /TP /analyze- /errorReport:prompt Source1.cpp
         Source1.cpp
     1>c:\users\srihars\documents\visual studio 2013\projects\s_prime1\s_prime1\source1.cpp(12): warning C4018: '<' : signed/unsigned mismatch
     1>c:\users\srihars\documents\visual studio 2013\projects\s_prime1\s_prime1\source1.cpp(14): warning C4018: '<' : signed/unsigned mismatch
     1>c:\users\srihars\documents\visual studio 2013\projects\s_prime1\s_prime1\source1.cpp(23): warning C4244: 'argument' : conversion from 'double' to 'unsigned int', possible loss of data
     1>c:\users\srihars\documents\visual studio 2013\projects\s_prime1\s_prime1\source1.cpp(45): warning C4996: 'scanf': This function or variable may be unsafe. Consider using scanf_s instead. To disable deprecation, use _CRT_SECURE_NO_WARNINGS. See online help for details.
                 c:\program files (x86)\microsoft visual studio 12.0\vc\include\stdio.h(283) : see declaration of 'scanf'
     1>c:\users\srihars\documents\visual studio 2013\projects\s_prime1\s_prime1\source1.cpp(48): warning C4996: 'scanf': This function or variable may be unsafe. Consider using scanf_s instead. To disable deprecation, use _CRT_SECURE_NO_WARNINGS. See online help for details.
                 c:\program files (x86)\microsoft visual studio 12.0\vc\include\stdio.h(283) : see declaration of 'scanf'
     1>c:\users\srihars\documents\visual studio 2013\projects\s_prime1\s_prime1\source1.cpp(51): warning C4018: '<' : signed/unsigned mismatch
       Link:
         C:\Program Files (x86)\Microsoft Visual Studio 12.0\VC\bin\link.exe /ERRORREPORT:PROMPT /OUT:"C:\Users\srihars\Documents\Visual Studio 2013\Projects\S_PRIME1\Debug\S_PRIME1.exe" /INCREMENTAL /NOLOGO kernel32.lib user32.lib gdi32.lib winspool.lib comdlg32.lib advapi32.lib shell32.lib ole32.lib oleaut32.lib uuid.lib odbc32.lib odbccp32.lib /MANIFEST /MANIFESTUAC:"level='asInvoker' uiAccess='false'" /manifest:embed /DEBUG /PDB:"C:\Users\srihars\Documents\Visual Studio 2013\Projects\S_PRIME1\Debug\S_PRIME1.pdb" /SUBSYSTEM:CONSOLE /TLBID:1 /DYNAMICBASE /NXCOMPAT /IMPLIB:"C:\Users\srihars\Documents\Visual Studio 2013\Projects\S_PRIME1\Debug\S_PRIME1.lib" /MACHINE:X86 Debug\Source.obj
         Debug\Source1.obj
         S_PRIME1.vcxproj -> C:\Users\srihars\Documents\Visual Studio 2013\Projects\S_PRIME1\Debug\S_PRIME1.exe
     1>Done Building Project "C:\Users\srihars\Documents\Visual Studio 2013\Projects\S_PRIME1\S_PRIME1\S_PRIME1.vcxproj" (Build target(s)).

Build succeeded.

Time Elapsed 00:00:01.05
